2023-04-20T20:36:51.420+03:00  INFO 5612 --- [restartedMain] .e.DevToolsPropertyDefaultsPostProcessor : Devtools property defaults active! Set 'spring.devtools.add-properties' to 'false' to disable
2023-04-20T20:36:51.422+03:00  INFO 5612 --- [restartedMain] .e.DevToolsPropertyDefaultsPostProcessor : For additional web related logging consider setting the 'logging.level.web' property to 'DEBUG'
2023-04-20T20:36:52.811+03:00  INFO 5612 --- [restartedMain] o.s.b.w.embedded.tomcat.TomcatWebServer  : Tomcat initialized with port(s): 8080 (http)
2023-04-20T20:36:52.821+03:00  INFO 5612 --- [restartedMain] o.apache.catalina.core.StandardService   : Starting service [Tomcat]
2023-04-20T20:36:52.821+03:00  INFO 5612 --- [restartedMain] o.apache.catalina.core.StandardEngine    : Starting Servlet engine: [Apache Tomcat/10.1.5]
2023-04-20T20:36:52.900+03:00  INFO 5612 --- [restartedMain] o.a.c.c.C.[Tomcat].[localhost].[/]       : Initializing Spring embedded WebApplicationContext
2023-04-20T20:36:52.901+03:00  INFO 5612 --- [restartedMain] w.s.c.ServletWebServerApplicationContext : Root WebApplicationContext: initialization completed in 1478 ms
2023-04-20T20:36:53.792+03:00  INFO 5612 --- [restartedMain] o.s.b.a.e.web.EndpointLinksResolver      : Exposing 4 endpoint(s) beneath base path '/actuator'
2023-04-20T20:36:53.805+03:00  INFO 5612 --- [restartedMain] o.s.s.web.DefaultSecurityFilterChain     : Will secure any request with [org.springframework.security.web.session.DisableEncodeUrlFilter@36b17a9a, org.springframework.security.web.context.request.async.WebAsyncManagerIntegrationFilter@5ee3498e, org.springframework.security.web.context.SecurityContextHolderFilter@5b7e803, org.springframework.security.web.header.HeaderWriterFilter@6baed867, org.springframework.web.filter.CorsFilter@b3cc245e, org.springframework.security.web.csrf.CsrfFilter@5edae9b3, org.springframework.security.web.authentication.logout.LogoutFilter@a2173b3e, org.springframework.security.web.authentication.UsernamePasswordAuthenticationFilter@f01f14da, org.springframework.security.web.authentication.ui.DefaultLoginPageGeneratingFilter@47faffc6, org.springframework.security.web.authentication.ui.DefaultLogoutPageGeneratingFilter@fe7be34b, org.springframework.security.web.authentication.www.BasicAuthenticationFilter@1d94d38c, org.springframework.security.web.savedrequest.RequestCacheAwareFilter@e6820a2f, org.springframework.security.web.servletapi.SecurityContextHolderAwareRequestFilter@8c0a9f46, org.springframework.security.web.authentication.AnonymousAuthenticationFilter@24f5a6be, org.springframework.security.web.access.ExceptionTranslationFilter@e4a8bc78, org.springframework.security.web.access.intercept.AuthorizationFilter@acf450a8]
2023-04-20T20:36:53.852+03:00  INFO 5612 --- [restartedMain] o.s.b.d.a.OptionalLiveReloadServer       : LiveReload server is running on port 35729
2023-04-20T20:36:53.927+03:00  INFO 5612 --- [restartedMain] o.s.b.w.embedded.tomcat.TomcatWebServer  : Tomcat started on port(s): 8080 (http) with context path ''
2023-04-20T20:37:04.128+03:00  INFO 5612 --- [http-nio-8080-exec-1] o.a.c.c.C.[Tomcat].[localhost].[/]       : Initializing Spring DispatcherServlet 'dispatcherServlet'
2023-04-20T20:37:04.128+03:00  INFO 5612 --- [http-nio-8080-exec-1] o.s.web.servlet.DispatcherServlet        : Initializing Servlet 'dispatcherServlet'
2023-04-20T20:37:04.129+03:00  INFO 5612 --- [http-nio-8080-exec-1] o.s.web.servlet.DispatcherServlet        : Completed initialization in 1 ms
2023-04-20T20:41:36.332+03:00  INFO 20632 --- [restartedMain] com.barrista.udemy.spring.Application    : Starting Application using Java 17.0.5 with PID 20632 (C:\Users\25tsc\Desktop\Work\Projects\spring-hibernate\01-spring-boot-3-quick-start\target\classes started by 25tsc in C:\Users\25tsc\Desktop\Work\Projects\spring-hibernate)
2023-04-20T20:41:36.335+03:00  INFO 20632 --- [restartedMain] com.barrista.udemy.spring.Application    : No active profile set, falling back to 1 default profile: "default"
2023-04-20T20:41:36.434+03:00  INFO 20632 --- [restartedMain] .e.DevToolsPropertyDefaultsPostProcessor : Devtools property defaults active! Set 'spring.devtools.add-properties' to 'false' to disable
2023-04-20T20:41:36.435+03:00  INFO 20632 --- [restartedMain] .e.DevToolsPropertyDefaultsPostProcessor : For additional web related logging consider setting the 'logging.level.web' property to 'DEBUG'
2023-04-20T20:41:38.310+03:00  INFO 20632 --- [restartedMain] o.s.b.w.embedded.tomcat.TomcatWebServer  : Tomcat initialized with port(s): 7070 (http)
2023-04-20T20:41:38.323+03:00  INFO 20632 --- [restartedMain] o.apache.catalina.core.StandardService   : Starting service [Tomcat]
2023-04-20T20:41:38.323+03:00  INFO 20632 --- [restartedMain] o.apache.catalina.core.StandardEngine    : Starting Servlet engine: [Apache Tomcat/10.1.5]
2023-04-20T20:41:38.435+03:00  INFO 20632 --- [restartedMain] o.a.c.c.C.[.[localhost].[/spring]        : Initializing Spring embedded WebApplicationContext
2023-04-20T20:41:38.436+03:00  INFO 20632 --- [restartedMain] w.s.c.ServletWebServerApplicationContext : Root WebApplicationContext: initialization completed in 2000 ms
2023-04-20T20:41:39.412+03:00  INFO 20632 --- [restartedMain] o.s.b.a.e.web.EndpointLinksResolver      : Exposing 4 endpoint(s) beneath base path '/actuator'
2023-04-20T20:41:39.424+03:00  INFO 20632 --- [restartedMain] o.s.s.web.DefaultSecurityFilterChain     : Will secure any request with [org.springframework.security.web.session.DisableEncodeUrlFilter@8c401c4c, org.springframework.security.web.context.request.async.WebAsyncManagerIntegrationFilter@e058fcd9, org.springframework.security.web.context.SecurityContextHolderFilter@8984b690, org.springframework.security.web.header.HeaderWriterFilter@30f88723, org.springframework.web.filter.CorsFilter@f60ccf72, org.springframework.security.web.csrf.CsrfFilter@6565a012, org.springframework.security.web.authentication.logout.LogoutFilter@56a6596a, org.springframework.security.web.authentication.UsernamePasswordAuthenticationFilter@abce3c72, org.springframework.security.web.authentication.ui.DefaultLoginPageGeneratingFilter@6fb258a4, org.springframework.security.web.authentication.ui.DefaultLogoutPageGeneratingFilter@2567668b, org.springframework.security.web.authentication.www.BasicAuthenticationFilter@5a85ab56, org.springframework.security.web.savedrequest.RequestCacheAwareFilter@21ce5c20, org.springframework.security.web.servletapi.SecurityContextHolderAwareRequestFilter@e3d6fef3, org.springframework.security.web.authentication.AnonymousAuthenticationFilter@cc196104, org.springframework.security.web.access.ExceptionTranslationFilter@4bc348f2, org.springframework.security.web.access.intercept.AuthorizationFilter@a098576]
2023-04-20T20:41:39.473+03:00  INFO 20632 --- [restartedMain] o.s.b.d.a.OptionalLiveReloadServer       : LiveReload server is running on port 35729
2023-04-20T20:41:39.562+03:00  INFO 20632 --- [restartedMain] o.s.b.w.embedded.tomcat.TomcatWebServer  : Tomcat started on port(s): 7070 (http) with context path '/spring'
2023-04-20T20:41:39.621+03:00  INFO 20632 --- [restartedMain] com.barrista.udemy.spring.Application    : Started Application in 4.001 seconds (process running for 5.133)
2023-04-20T20:41:58.807+03:00  INFO 20632 --- [http-nio-7070-exec-4] o.a.c.c.C.[.[localhost].[/spring]        : Initializing Spring DispatcherServlet 'dispatcherServlet'
2023-04-20T20:41:58.808+03:00  INFO 20632 --- [http-nio-7070-exec-4] o.s.web.servlet.DispatcherServlet        : Initializing Servlet 'dispatcherServlet'
2023-04-20T20:41:58.809+03:00  INFO 20632 --- [http-nio-7070-exec-4] o.s.web.servlet.DispatcherServlet        : Completed initialization in 1 ms
2023-04-20T20:55:54.966+03:00  INFO 22788 --- [restartedMain] o.apache.catalina.core.StandardService   : Starting service [Tomcat]
2023-04-20T20:55:54.967+03:00  INFO 22788 --- [restartedMain] o.apache.catalina.core.StandardEngine    : Starting Servlet engine: [Apache Tomcat/10.1.5]
2023-04-20T20:55:55.026+03:00  INFO 22788 --- [restartedMain] o.a.c.c.C.[.[localhost].[/spring]        : Initializing Spring embedded WebApplicationContext
2023-04-20T20:56:14.816+03:00  INFO 22788 --- [http-nio-7070-exec-1] o.a.c.c.C.[.[localhost].[/spring]        : Initializing Spring DispatcherServlet 'dispatcherServlet'
